<?xml version="1.0" encoding="UTF-8"?>
<!-- Generated by org.testng.reporters.JUnitXMLReporter -->
<testsuite ignored="3" hostname="Vivek" failures="0" tests="5" name="Test" time="0.124" errors="0" timestamp="2024-07-17T17:48:31 IST">
  <testcase classname="testNGgrouping.GroupByPayment" name="paymentInRupees" time="0.016"/>
  <testcase classname="testNGgrouping.GroupByPayment" name="paymentInDoller" time="0.001"/>
  <testcase classname="testNGgrouping.GroupByLoginDemo" name="test_loginByEmail" time="0.002"/>
  <testcase classname="testNGgrouping.GroupByLoginDemo" name="test_loginByFB" time="0.002"/>
  <testcase classname="testNGgrouping.GroupByLoginDemo" name="test_loginByTwitter" time="0.014"/>
  <testcase classname="testNGgrouping.GroupBySignUP" name="test_signupByEmail" time="0.0">
    <ignored/>
  </testcase> <!-- test_signupByEmail -->
  <testcase classname="testNGgrouping.GroupBySignUP" name="test_signupByFB" time="0.0">
    <ignored/>
  </testcase> <!-- test_signupByFB -->
  <testcase classname="testNGgrouping.GroupBySignUP" name="test_signupByTwitter" time="0.0">
    <ignored/>
  </testcase> <!-- test_signupByTwitter -->
</testsuite> <!-- Test -->
