<?xml version="1.0" encoding="UTF-8"?>
<testng-results ignored="0" total="2" passed="2" failed="0" skipped="0">
  <reporter-output>
  </reporter-output>
  <suite started-at="2024-07-18T17:02:09 IST" name="Default suite" finished-at="2024-07-18T17:02:09 IST" duration-ms="80">
    <groups>
    </groups>
    <test started-at="2024-07-18T17:02:09 IST" name="Default test" finished-at="2024-07-18T17:02:09 IST" duration-ms="80">
      <class name="testNGPractice.TestNGDependsOnMethod">
        <test-method signature="openapp()[pri:1, instance:testNGPractice.TestNGDependsOnMethod@7db12bb6]" started-at="2024-07-18T17:02:09 IST" name="openapp" finished-at="2024-07-18T17:02:09 IST" duration-ms="23" status="PASS">
          <reporter-output>
          </reporter-output>
        </test-method> <!-- openapp -->
        <test-method signature="openapp()[pri:1, instance:testNGPractice.TestNGDependsOnMethod@7db12bb6]" started-at="2024-07-18T17:02:09 IST" name="openapp" finished-at="2024-07-18T17:02:09 IST" duration-ms="1" status="PASS">
          <reporter-output>
          </reporter-output>
        </test-method> <!-- openapp -->
      </class> <!-- testNGPractice.TestNGDependsOnMethod -->
    </test> <!-- Default test -->
  </suite> <!-- Default suite -->
</testng-results>
